<?xml version="1.0" encoding="UTF-8"?>
<!-- Generated by org.testng.reporters.JUnitReportReporter -->
<testsuite hostname="C02D8DSBMNHP.local" failures="0" tests="5" name="BuffSciMethod" time="85.742" errors="0" timestamp="2022-01-20T11:28:30 EST" skipped="0">
  <testcase classname="BuffSciMethod" name="aboutAndAchivementButonsMethod" time="17.930"/>
  <system-out/>
  <testcase classname="BuffSciMethod" name="schoolsMenuMethod" time="14.942"/>
  <system-out/>
  <testcase classname="BuffSciMethod" name="sendUsAMessage" time="19.257"/>
  <system-out/>
  <testcase classname="BuffSciMethod" name="setBannerPage" time="16.309"/>
  <system-out/>
  <testcase classname="BuffSciMethod" name="itHelpDesk" time="17.304"/>
  <system-out/>
</testsuite> <!-- BuffSciMethod -->
